<?xml version="1.0" encoding="UTF-8"?>
<!-- Generated by org.testng.reporters.JUnitXMLReporter -->
<testsuite ignored="0" hostname="DESKTOP-300BKIO" failures="1" tests="11" name="Member Login Page Test" time="64.7" errors="0" timestamp="2024-01-29T18:22:30 IST">
  <testcase classname="camsMemberPortal.testpackage.memberSignInTest" name="signInTitleTest" time="0.205"/>
  <testcase classname="camsMemberPortal.testpackage.memberSignInTest" name="signInURLTest" time="0.021"/>
  <testcase classname="camsMemberPortal.testpackage.memberSignInTest" name="validLoginUseEmailTest" time="2.7"/>
  <testcase classname="camsMemberPortal.testpackage.memberSignInTest" name="validLoginUsePhoneTest" time="3.505"/>
  <testcase classname="camsMemberPortal.testpackage.memberSignInTest" name="invalidLoginUseEmail" time="1.854"/>
  <testcase classname="camsMemberPortal.testpackage.memberSignInTest" name="invalidLoginUsePhone" time="3.881"/>
  <testcase classname="camsMemberPortal.testpackage.memberSignInTest" name="invalidLoginUseWrongemailFormat" time="3.126"/>
  <testcase classname="camsMemberPortal.testpackage.memberSignInTest" name="invalidLoginUseWrongPhoneFormat" time="1.155"/>
  <testcase classname="camsMemberPortal.testpackage.memberSignInTest" name="forgotpasswordUsindInvalidPhoneTest" time="1.782"/>
  <testcase classname="camsMemberPortal.testpackage.memberSignInTest" name="forgotpasswordUsindInvalidEmailTest" time="3.825"/>
  <testcase classname="camsMemberPortal.testpackage.memberSignInTest" name="forgotPasswordUsingValidEmailInvalidOTPTest" time="3.25">
    <failure type="java.lang.AssertionError" message="expected [true] but found [false]">
      <![CDATA[java.lang.AssertionError: expected [true] but found [false]
at org.testng.Assert.fail(Assert.java:111)
at org.testng.Assert.failNotEquals(Assert.java:1578)
at org.testng.Assert.assertTrue(Assert.java:57)
at org.testng.Assert.assertTrue(Assert.java:67)
at camsMemberPortal.testpackage.memberSignInTest.forgotPasswordUsingValidEmailInvalidOTPTest(memberSignInTest.java:85)
at java.base/jdk.internal.reflect.NativeMethodAccessorImpl.invoke0(Native Method)
at java.base/jdk.internal.reflect.NativeMethodAccessorImpl.invoke(NativeMethodAccessorImpl.java:77)
at java.base/jdk.internal.reflect.DelegatingMethodAccessorImpl.invoke(DelegatingMethodAccessorImpl.java:43)
at java.base/java.lang.reflect.Method.invoke(Method.java:568)
at org.testng.internal.invokers.MethodInvocationHelper.invokeMethod(MethodInvocationHelper.java:139)
at org.testng.internal.invokers.TestInvoker.invokeMethod(TestInvoker.java:664)
at org.testng.internal.invokers.TestInvoker.invokeTestMethod(TestInvoker.java:227)
at org.testng.internal.invokers.MethodRunner.runInSequence(MethodRunner.java:50)
at org.testng.internal.invokers.TestInvoker$MethodInvocationAgent.invoke(TestInvoker.java:957)
at org.testng.internal.invokers.TestInvoker.invokeTestMethods(TestInvoker.java:200)
at org.testng.internal.invokers.TestMethodWorker.invokeTestMethods(TestMethodWorker.java:148)
at org.testng.internal.invokers.TestMethodWorker.run(TestMethodWorker.java:128)
at java.base/java.util.ArrayList.forEach(ArrayList.java:1511)
at org.testng.TestRunner.privateRun(TestRunner.java:848)
at org.testng.TestRunner.run(TestRunner.java:621)
at org.testng.SuiteRunner.runTest(SuiteRunner.java:443)
at org.testng.SuiteRunner.runSequentially(SuiteRunner.java:437)
at org.testng.SuiteRunner.privateRun(SuiteRunner.java:397)
at org.testng.SuiteRunner.run(SuiteRunner.java:336)
at org.testng.SuiteRunnerWorker.runSuite(SuiteRunnerWorker.java:52)
at org.testng.SuiteRunnerWorker.run(SuiteRunnerWorker.java:95)
at org.testng.TestNG.runSuitesSequentially(TestNG.java:1280)
at org.testng.TestNG.runSuitesLocally(TestNG.java:1200)
at org.testng.TestNG.runSuites(TestNG.java:1114)
at org.testng.TestNG.run(TestNG.java:1082)
at org.testng.remote.AbstractRemoteTestNG.run(AbstractRemoteTestNG.java:115)
at org.testng.remote.RemoteTestNG.initAndRun(RemoteTestNG.java:251)
at org.testng.remote.RemoteTestNG.main(RemoteTestNG.java:77)
]]>
    </failure>
  </testcase> <!-- forgotPasswordUsingValidEmailInvalidOTPTest -->
</testsuite> <!-- Member Login Page Test -->
